Created by PLY version 3.11 (http://www.dabeaz.com/ply)

Grammar

Rule 0     S' -> expression
Rule 1     expression -> FLOAT CURRENCY SEPARATOR CURRENCY

Terminals, with rules where they appear

CURRENCY             : 1 1
FLOAT                : 1
SEPARATOR            : 1
error                : 

Nonterminals, with rules where they appear

expression           : 0

Parsing method: LALR

state 0

    (0) S' -> . expression
    (1) expression -> . FLOAT CURRENCY SEPARATOR CURRENCY

    FLOAT           shift and go to state 2

    expression                     shift and go to state 1

state 1

    (0) S' -> expression .



state 2

    (1) expression -> FLOAT . CURRENCY SEPARATOR CURRENCY

    CURRENCY        shift and go to state 3


state 3

    (1) expression -> FLOAT CURRENCY . SEPARATOR CURRENCY

    SEPARATOR       shift and go to state 4


state 4

    (1) expression -> FLOAT CURRENCY SEPARATOR . CURRENCY

    CURRENCY        shift and go to state 5


state 5

    (1) expression -> FLOAT CURRENCY SEPARATOR CURRENCY .

    $end            reduce using rule 1 (expression -> FLOAT CURRENCY SEPARATOR CURRENCY .)

